Log started at 01/31/2024 15:56:45 (2024-01-31T15:56:45Z)
No config file at C:\Users\danie\Documents\Unreal Engine\UnrealBuildTool\BuildConfiguration.xml
Configuration will be read from:
  C:\Users\danie\AppData\Roaming\Unreal Engine\UnrealBuildTool\BuildConfiguration.xml
Log file: F:\Year 3 Sem 2\Commercial Game Dev\Unreal Client\Unreal-Client\Client\Saved\Logs\UnrealVersionSelector-2024.01.31-15.56.45.log

Setting temp directory to 'C:\Users\danie\AppData\Local\Temp\UnrealBuildTool\618f98df'
    Registering build platform: UnrealBuildTool.AndroidPlatformFactory
        Registering build platform: Android - buildable: False
    Registering build platform: UnrealBuildTool.IOSPlatformFactory
        Registering build platform: IOS - buildable: False
    Registering build platform: UnrealBuildTool.LinuxPlatformFactory
        Registering build platform: Linux - buildable: False
        Registering build platform: LinuxArm64 - buildable: False
    Registering build platform: UnrealBuildTool.MacPlatformFactory
    Registering build platform: UnrealBuildTool.TVOSPlatformFactory
    Registering build platform: UnrealBuildTool.WindowsPlatformFactory
Found Windows 10 SDK root at C:\Program Files (x86)\Windows Kits\10 (1)
Found Windows 10 SDK root at C:\Program Files (x86)\Windows Kits\10 (2)
Found Windows 10 SDK version 10.0.22621.0 at C:\Program Files (x86)\Windows Kits\10
Found Universal CRT version 10.0.22621.0 at C:\Program Files (x86)\Windows Kits\10
Win64 Installed SDK(s): MinVersion_Sdk=10.0.00000.0, MaxVersion_Sdk=10.9.99999.0, CurrentVersion_Sdk=10.0.22621.0, Version_AutoSdk=10.0.18362.0, CurrentVersion_AutoSdk=
        Registering build platform: Win64 - buildable: True
Log file: C:\Users\danie\AppData\Local\UnrealBuildTool\Log_GPF.txt
Resolved project argument F:/Year 3 Sem 2/Commercial Game Dev/Unreal Client/Unreal-Client/Client/client.uproject to F:\Year 3 Sem 2\Commercial Game Dev\Unreal Client\Unreal-Client\Client\client.uproject
Registering project generator UnrealBuildTool.AndroidProjectGenerator for Android
Registering project generator UnrealBuildTool.IOSProjectGenerator for IOS
Registering project generator UnrealBuildTool.LinuxProjectGenerator for Linux
Registering project generator UnrealBuildTool.LinuxProjectGenerator for LinuxArm64
Registering project generator UnrealBuildTool.MacProjectGenerator for Mac
Skipping project file generator registration for Mac due to no valid BuildPlatform.
Registering project generator UnrealBuildTool.TVOSProjectGenerator for TVOS
Skipping project file generator registration for TVOS due to no valid BuildPlatform.
Registering project generator UnrealBuildTool.WindowsProjectGenerator for Win64

---   SDK INFO START   ---

Some Platforms were skipped due to invalid SDK setup: IOS, Android, Linux, LinuxArm64.
See the log file for detailed information

---   SDK INFO END   ---


Generating VisualStudio project files:
Discovering modules, targets and source code for project...
Found Visual Studio installation: F:\Vis Studio (Product=Microsoft.VisualStudio.Product.Community, Version=17.8.34511.84)
Found Visual Studio toolchain: F:\Vis Studio\VC\Tools\MSVC\14.36.32532 (Family=14.36.32532, FamilyRank=0, Version=14.36.32544, Is64Bit=True, ReleaseChannel=Latest, Architecture=x64, Error=False, Redist=F:\Vis Studio\VC\Redist\MSVC\14.36.32532)
Found Visual Studio toolchain: F:\Vis Studio\VC\Tools\MSVC\14.38.33130 (Family=14.38.33130, FamilyRank=4, Version=14.38.33134, Is64Bit=True, ReleaseChannel=Latest, Architecture=x64, Error=False, Redist=F:\Vis Studio\VC\Redist\MSVC\14.38.33130)
Detected supported platforms: Win64, IOS, Android, Linux, LinuxArm64
Skipping F:\Unreal\UE_5.3\Engine\Intermediate\Build\BuildRules\UE5Rules.dll: File is installed
Skipping F:\Unreal\UE_5.3\Engine\Intermediate\Build\BuildRules\UE5ProgramRules.dll: File is installed
Generating target Editor for F:\Year 3 Sem 2\Commercial Game Dev\Unreal Client\Unreal-Client\Client\Intermediate\ProjectFiles\UE5.vcxproj
Generating target Game for F:\Year 3 Sem 2\Commercial Game Dev\Unreal Client\Unreal-Client\Client\Intermediate\ProjectFiles\UE5.vcxproj
Compiling F:\Year 3 Sem 2\Commercial Game Dev\Unreal Client\Unreal-Client\Client\Intermediate\Build\BuildRules\clientModuleRules.dll: F:\Year 3 Sem 2\Commercial Game Dev\Unreal Client\Unreal-Client\Client\Source\client.Target.cs is newer
Adding event matcher: CompileEventMatcher
Adding event matcher: LinkEventMatcher
Adding event matcher: MicrosoftEventMatcher
Adding event matcher: XoreaxEventMatcher
Generating target Game for F:\Year 3 Sem 2\Commercial Game Dev\Unreal Client\Unreal-Client\Client\Intermediate\ProjectFiles\client.vcxproj
Expecting to find a type to be declared in a target rules named 'clientEditorTarget'.  This type must derive from the 'TargetRules' type defined by Unreal Build Tool.
BuildException: Expecting to find a type to be declared in a target rules named 'clientEditorTarget'.  This type must derive from the 'TargetRules' type defined by Unreal Build Tool.
   at UnrealBuildTool.RulesAssembly.CreateTargetRules(String TargetName, UnrealTargetPlatform Platform, UnrealTargetConfiguration Configuration, UnrealArchitectures Architectures, FileReference ProjectFile, CommandLineArguments Arguments, ILogger Logger, Boolean IsTestTarget, Boolean bSkipValidation, UnrealIntermediateEnvironment IntermediateEnvironment) in D:\build\++UE5\Sync\Engine\Saved\CsTools\Engine\Source\Programs\UnrealBuildTool\System\RulesAssembly.cs:line 780
   at UnrealBuildTool.ProjectFileGenerator.AddProjectsForAllTargets(PlatformProjectGeneratorCollection PlatformProjectGenerators, List`1 AllGames, List`1 AllTargetFiles, String[] Arguments, List`1 EngineProjects, List`1 GameProjects, Dictionary`2 ProjectFileToUProjectFile, Dictionary`2 ProgramProjects, Dictionary`2 RulesAssemblies, ILogger Logger) in D:\build\++UE5\Sync\Engine\Saved\CsTools\Engine\Source\Programs\UnrealBuildTool\ProjectFiles\ProjectFileGenerator.cs:line 2719
   at UnrealBuildTool.ProjectFileGenerator.GenerateProjectFiles(PlatformProjectGeneratorCollection PlatformProjectGenerators, String[] Arguments, Boolean bCacheDataForEditor, ILogger Logger) in D:\build\++UE5\Sync\Engine\Saved\CsTools\Engine\Source\Programs\UnrealBuildTool\ProjectFiles\ProjectFileGenerator.cs:line 1023
   at UnrealBuildTool.GenerateProjectFilesMode.ExecuteAsync(CommandLineArguments Arguments, ILogger Logger) in D:\build\++UE5\Sync\Engine\Saved\CsTools\Engine\Source\Programs\UnrealBuildTool\Modes\GenerateProjectFilesMode.cs:line 65
   at UnrealBuildTool.UnrealBuildTool.Main(String[] ArgumentsArray) in D:\build\++UE5\Sync\Engine\Saved\CsTools\Engine\Source\Programs\UnrealBuildTool\UnrealBuildTool.cs:line 659
WriteFileIfChanged() wrote 0 changed files of 2 requested writes.
Timeline:

[ 0.000]
[ 0.000](+3.470) <unknown>
[ 3.470]
